[FATAL] 2019-04-20 14:09:42.755 [main] ConnectionPool - Cannot create connection pool
com.epam.couriers.dao.exception.ConnectionPoolException: Database driver class not found
	at com.epam.couriers.dao.connectionpool.ConnectionPool.initConnectionPool(ConnectionPool.java:75) ~[classes/:?]
	at com.epam.couriers.dao.connectionpool.ConnectionPool.<init>(ConnectionPool.java:54) [classes/:?]
	at com.epam.couriers.dao.connectionpool.ConnectionPool.<clinit>(ConnectionPool.java:31) [classes/:?]
	at com.epam.couriers.dao.connectionpool.ConnectionPoolTest.<clinit>(ConnectionPoolTest.java:17) [test-classes/:?]
	at jdk.internal.reflect.NativeConstructorAccessorImpl.newInstance0(Native Method) ~[?:?]
	at jdk.internal.reflect.NativeConstructorAccessorImpl.newInstance(NativeConstructorAccessorImpl.java:62) [?:?]
	at jdk.internal.reflect.DelegatingConstructorAccessorImpl.newInstance(DelegatingConstructorAccessorImpl.java:45) [?:?]
	at java.lang.reflect.Constructor.newInstanceWithCaller(Constructor.java:500) [?:?]
	at java.lang.reflect.Constructor.newInstance(Constructor.java:481) [?:?]
	at org.testng.internal.ObjectFactoryImpl.newInstance(ObjectFactoryImpl.java:24) [testng-6.14.3.jar:?]
	at org.testng.internal.ClassHelper.createInstance1(ClassHelper.java:423) [testng-6.14.3.jar:?]
	at org.testng.internal.ClassHelper.createInstance(ClassHelper.java:336) [testng-6.14.3.jar:?]
	at org.testng.internal.ClassImpl.getDefaultInstance(ClassImpl.java:125) [testng-6.14.3.jar:?]
	at org.testng.internal.ClassImpl.getInstances(ClassImpl.java:190) [testng-6.14.3.jar:?]
	at org.testng.TestClass.getInstances(TestClass.java:95) [testng-6.14.3.jar:?]
	at org.testng.TestClass.initTestClassesAndInstances(TestClass.java:81) [testng-6.14.3.jar:?]
	at org.testng.TestClass.init(TestClass.java:73) [testng-6.14.3.jar:?]
	at org.testng.TestClass.<init>(TestClass.java:38) [testng-6.14.3.jar:?]
	at org.testng.TestRunner.initMethods(TestRunner.java:389) [testng-6.14.3.jar:?]
	at org.testng.TestRunner.init(TestRunner.java:271) [testng-6.14.3.jar:?]
	at org.testng.TestRunner.init(TestRunner.java:241) [testng-6.14.3.jar:?]
	at org.testng.TestRunner.<init>(TestRunner.java:167) [testng-6.14.3.jar:?]
	at org.testng.SuiteRunner$DefaultTestRunnerFactory.newTestRunner(SuiteRunner.java:663) [testng-6.14.3.jar:?]
	at org.testng.SuiteRunner.init(SuiteRunner.java:260) [testng-6.14.3.jar:?]
	at org.testng.SuiteRunner.<init>(SuiteRunner.java:198) [testng-6.14.3.jar:?]
	at org.testng.TestNG.createSuiteRunner(TestNG.java:1295) [testng-6.14.3.jar:?]
	at org.testng.TestNG.createSuiteRunners(TestNG.java:1273) [testng-6.14.3.jar:?]
	at org.testng.TestNG.runSuitesLocally(TestNG.java:1128) [testng-6.14.3.jar:?]
	at org.testng.TestNG.runSuites(TestNG.java:1049) [testng-6.14.3.jar:?]
	at org.testng.TestNG.run(TestNG.java:1017) [testng-6.14.3.jar:?]
	at org.testng.IDEARemoteTestNG.run(IDEARemoteTestNG.java:73) [testng-plugin.jar:?]
	at org.testng.RemoteTestNGStarter.main(RemoteTestNGStarter.java:123) [testng-plugin.jar:?]
Caused by: java.lang.ClassNotFoundException: com.mysql.jdbc.Driver
	at jdk.internal.loader.BuiltinClassLoader.loadClass(BuiltinClassLoader.java:583) ~[?:?]
	at jdk.internal.loader.ClassLoaders$AppClassLoader.loadClass(ClassLoaders.java:178) ~[?:?]
	at java.lang.ClassLoader.loadClass(ClassLoader.java:521) ~[?:?]
	at java.lang.Class.forName0(Native Method) ~[?:?]
	at java.lang.Class.forName(Class.java:332) ~[?:?]
	at com.epam.couriers.dao.connectionpool.ConnectionPool.initConnectionPool(ConnectionPool.java:67) ~[classes/:?]
	... 31 more
[INFO ] 2019-04-20 14:09:42.785 [main] ConnectionPool - Connection pool created successfully
[INFO ] 2019-04-20 14:09:44.874 [main] ConnectionPool - Connection taken successfully
[INFO ] 2019-04-20 14:09:44.889 [main] ConnectionPool - Connection pool successfully released
[FATAL] 2019-04-20 14:11:33.154 [main] ConnectionPool - Cannot create connection pool
com.epam.couriers.dao.exception.ConnectionPoolException: Database driver class not found
	at com.epam.couriers.dao.connectionpool.ConnectionPool.initConnectionPool(ConnectionPool.java:75) ~[classes/:?]
	at com.epam.couriers.dao.connectionpool.ConnectionPool.<init>(ConnectionPool.java:54) [classes/:?]
	at com.epam.couriers.dao.connectionpool.ConnectionPool.<clinit>(ConnectionPool.java:31) [classes/:?]
	at com.epam.couriers.dao.connectionpool.ConnectionPoolTest.<clinit>(ConnectionPoolTest.java:17) [test-classes/:?]
	at jdk.internal.reflect.NativeConstructorAccessorImpl.newInstance0(Native Method) ~[?:?]
	at jdk.internal.reflect.NativeConstructorAccessorImpl.newInstance(NativeConstructorAccessorImpl.java:62) [?:?]
	at jdk.internal.reflect.DelegatingConstructorAccessorImpl.newInstance(DelegatingConstructorAccessorImpl.java:45) [?:?]
	at java.lang.reflect.Constructor.newInstanceWithCaller(Constructor.java:500) [?:?]
	at java.lang.reflect.Constructor.newInstance(Constructor.java:481) [?:?]
	at org.testng.internal.ObjectFactoryImpl.newInstance(ObjectFactoryImpl.java:24) [testng-6.14.3.jar:?]
	at org.testng.internal.ClassHelper.createInstance1(ClassHelper.java:423) [testng-6.14.3.jar:?]
	at org.testng.internal.ClassHelper.createInstance(ClassHelper.java:336) [testng-6.14.3.jar:?]
	at org.testng.internal.ClassImpl.getDefaultInstance(ClassImpl.java:125) [testng-6.14.3.jar:?]
	at org.testng.internal.ClassImpl.getInstances(ClassImpl.java:190) [testng-6.14.3.jar:?]
	at org.testng.TestClass.getInstances(TestClass.java:95) [testng-6.14.3.jar:?]
	at org.testng.TestClass.initTestClassesAndInstances(TestClass.java:81) [testng-6.14.3.jar:?]
	at org.testng.TestClass.init(TestClass.java:73) [testng-6.14.3.jar:?]
	at org.testng.TestClass.<init>(TestClass.java:38) [testng-6.14.3.jar:?]
	at org.testng.TestRunner.initMethods(TestRunner.java:389) [testng-6.14.3.jar:?]
	at org.testng.TestRunner.init(TestRunner.java:271) [testng-6.14.3.jar:?]
	at org.testng.TestRunner.init(TestRunner.java:241) [testng-6.14.3.jar:?]
	at org.testng.TestRunner.<init>(TestRunner.java:167) [testng-6.14.3.jar:?]
	at org.testng.SuiteRunner$DefaultTestRunnerFactory.newTestRunner(SuiteRunner.java:663) [testng-6.14.3.jar:?]
	at org.testng.SuiteRunner.init(SuiteRunner.java:260) [testng-6.14.3.jar:?]
	at org.testng.SuiteRunner.<init>(SuiteRunner.java:198) [testng-6.14.3.jar:?]
	at org.testng.TestNG.createSuiteRunner(TestNG.java:1295) [testng-6.14.3.jar:?]
	at org.testng.TestNG.createSuiteRunners(TestNG.java:1273) [testng-6.14.3.jar:?]
	at org.testng.TestNG.runSuitesLocally(TestNG.java:1128) [testng-6.14.3.jar:?]
	at org.testng.TestNG.runSuites(TestNG.java:1049) [testng-6.14.3.jar:?]
	at org.testng.TestNG.run(TestNG.java:1017) [testng-6.14.3.jar:?]
	at org.testng.IDEARemoteTestNG.run(IDEARemoteTestNG.java:73) [testng-plugin.jar:?]
	at org.testng.RemoteTestNGStarter.main(RemoteTestNGStarter.java:123) [testng-plugin.jar:?]
Caused by: java.lang.ClassNotFoundException: com.mysql.jdbc.Driver
	at jdk.internal.loader.BuiltinClassLoader.loadClass(BuiltinClassLoader.java:583) ~[?:?]
	at jdk.internal.loader.ClassLoaders$AppClassLoader.loadClass(ClassLoaders.java:178) ~[?:?]
	at java.lang.ClassLoader.loadClass(ClassLoader.java:521) ~[?:?]
	at java.lang.Class.forName0(Native Method) ~[?:?]
	at java.lang.Class.forName(Class.java:332) ~[?:?]
	at com.epam.couriers.dao.connectionpool.ConnectionPool.initConnectionPool(ConnectionPool.java:67) ~[classes/:?]
	... 31 more
[INFO ] 2019-04-20 14:11:33.187 [main] ConnectionPool - Connection pool created successfully
[INFO ] 2019-04-20 14:11:35.258 [main] ConnectionPool - Connection taken successfully
[INFO ] 2019-04-20 14:11:35.262 [main] ConnectionPool - Connection pool successfully released
[FATAL] 2019-04-20 14:16:33.094 [main] ConnectionPool - Cannot create connection pool
com.epam.couriers.dao.exception.ConnectionPoolException: Database driver class not found
	at com.epam.couriers.dao.connectionpool.ConnectionPool.initConnectionPool(ConnectionPool.java:75) ~[classes/:?]
	at com.epam.couriers.dao.connectionpool.ConnectionPool.<init>(ConnectionPool.java:54) [classes/:?]
	at com.epam.couriers.dao.connectionpool.ConnectionPool.<clinit>(ConnectionPool.java:31) [classes/:?]
	at com.epam.couriers.dao.connectionpool.ConnectionPoolTest.<clinit>(ConnectionPoolTest.java:17) [test-classes/:?]
	at jdk.internal.reflect.NativeConstructorAccessorImpl.newInstance0(Native Method) ~[?:?]
	at jdk.internal.reflect.NativeConstructorAccessorImpl.newInstance(NativeConstructorAccessorImpl.java:62) [?:?]
	at jdk.internal.reflect.DelegatingConstructorAccessorImpl.newInstance(DelegatingConstructorAccessorImpl.java:45) [?:?]
	at java.lang.reflect.Constructor.newInstanceWithCaller(Constructor.java:500) [?:?]
	at java.lang.reflect.Constructor.newInstance(Constructor.java:481) [?:?]
	at org.testng.internal.ObjectFactoryImpl.newInstance(ObjectFactoryImpl.java:24) [testng-6.14.3.jar:?]
	at org.testng.internal.ClassHelper.createInstance1(ClassHelper.java:423) [testng-6.14.3.jar:?]
	at org.testng.internal.ClassHelper.createInstance(ClassHelper.java:336) [testng-6.14.3.jar:?]
	at org.testng.internal.ClassImpl.getDefaultInstance(ClassImpl.java:125) [testng-6.14.3.jar:?]
	at org.testng.internal.ClassImpl.getInstances(ClassImpl.java:190) [testng-6.14.3.jar:?]
	at org.testng.TestClass.getInstances(TestClass.java:95) [testng-6.14.3.jar:?]
	at org.testng.TestClass.initTestClassesAndInstances(TestClass.java:81) [testng-6.14.3.jar:?]
	at org.testng.TestClass.init(TestClass.java:73) [testng-6.14.3.jar:?]
	at org.testng.TestClass.<init>(TestClass.java:38) [testng-6.14.3.jar:?]
	at org.testng.TestRunner.initMethods(TestRunner.java:389) [testng-6.14.3.jar:?]
	at org.testng.TestRunner.init(TestRunner.java:271) [testng-6.14.3.jar:?]
	at org.testng.TestRunner.init(TestRunner.java:241) [testng-6.14.3.jar:?]
	at org.testng.TestRunner.<init>(TestRunner.java:167) [testng-6.14.3.jar:?]
	at org.testng.SuiteRunner$DefaultTestRunnerFactory.newTestRunner(SuiteRunner.java:663) [testng-6.14.3.jar:?]
	at org.testng.SuiteRunner.init(SuiteRunner.java:260) [testng-6.14.3.jar:?]
	at org.testng.SuiteRunner.<init>(SuiteRunner.java:198) [testng-6.14.3.jar:?]
	at org.testng.TestNG.createSuiteRunner(TestNG.java:1295) [testng-6.14.3.jar:?]
	at org.testng.TestNG.createSuiteRunners(TestNG.java:1273) [testng-6.14.3.jar:?]
	at org.testng.TestNG.runSuitesLocally(TestNG.java:1128) [testng-6.14.3.jar:?]
	at org.testng.TestNG.runSuites(TestNG.java:1049) [testng-6.14.3.jar:?]
	at org.testng.TestNG.run(TestNG.java:1017) [testng-6.14.3.jar:?]
	at org.testng.IDEARemoteTestNG.run(IDEARemoteTestNG.java:73) [testng-plugin.jar:?]
	at org.testng.RemoteTestNGStarter.main(RemoteTestNGStarter.java:123) [testng-plugin.jar:?]
Caused by: java.lang.ClassNotFoundException: com.mysql.jdbc.Driver
	at jdk.internal.loader.BuiltinClassLoader.loadClass(BuiltinClassLoader.java:583) ~[?:?]
	at jdk.internal.loader.ClassLoaders$AppClassLoader.loadClass(ClassLoaders.java:178) ~[?:?]
	at java.lang.ClassLoader.loadClass(ClassLoader.java:521) ~[?:?]
	at java.lang.Class.forName0(Native Method) ~[?:?]
	at java.lang.Class.forName(Class.java:332) ~[?:?]
	at com.epam.couriers.dao.connectionpool.ConnectionPool.initConnectionPool(ConnectionPool.java:67) ~[classes/:?]
	... 31 more
[INFO ] 2019-04-20 14:16:33.122 [main] ConnectionPool - Connection pool created successfully
[INFO ] 2019-04-20 14:16:35.261 [main] ConnectionPool - Connection taken successfully
[INFO ] 2019-04-20 14:16:35.275 [main] ConnectionPool - Connection pool successfully released
[FATAL] 2019-04-20 14:18:08.028 [main] ConnectionPool - Cannot create connection pool
com.epam.couriers.dao.exception.ConnectionPoolException: Database driver class not found
	at com.epam.couriers.dao.connectionpool.ConnectionPool.initConnectionPool(ConnectionPool.java:75) ~[classes/:?]
	at com.epam.couriers.dao.connectionpool.ConnectionPool.<init>(ConnectionPool.java:54) [classes/:?]
	at com.epam.couriers.dao.connectionpool.ConnectionPool.<clinit>(ConnectionPool.java:31) [classes/:?]
	at com.epam.couriers.dao.connectionpool.ConnectionPoolTest.<clinit>(ConnectionPoolTest.java:17) [test-classes/:?]
	at jdk.internal.reflect.NativeConstructorAccessorImpl.newInstance0(Native Method) ~[?:?]
	at jdk.internal.reflect.NativeConstructorAccessorImpl.newInstance(NativeConstructorAccessorImpl.java:62) [?:?]
	at jdk.internal.reflect.DelegatingConstructorAccessorImpl.newInstance(DelegatingConstructorAccessorImpl.java:45) [?:?]
	at java.lang.reflect.Constructor.newInstanceWithCaller(Constructor.java:500) [?:?]
	at java.lang.reflect.Constructor.newInstance(Constructor.java:481) [?:?]
	at org.testng.internal.ObjectFactoryImpl.newInstance(ObjectFactoryImpl.java:24) [testng-6.14.3.jar:?]
	at org.testng.internal.ClassHelper.createInstance1(ClassHelper.java:423) [testng-6.14.3.jar:?]
	at org.testng.internal.ClassHelper.createInstance(ClassHelper.java:336) [testng-6.14.3.jar:?]
	at org.testng.internal.ClassImpl.getDefaultInstance(ClassImpl.java:125) [testng-6.14.3.jar:?]
	at org.testng.internal.ClassImpl.getInstances(ClassImpl.java:190) [testng-6.14.3.jar:?]
	at org.testng.TestClass.getInstances(TestClass.java:95) [testng-6.14.3.jar:?]
	at org.testng.TestClass.initTestClassesAndInstances(TestClass.java:81) [testng-6.14.3.jar:?]
	at org.testng.TestClass.init(TestClass.java:73) [testng-6.14.3.jar:?]
	at org.testng.TestClass.<init>(TestClass.java:38) [testng-6.14.3.jar:?]
	at org.testng.TestRunner.initMethods(TestRunner.java:389) [testng-6.14.3.jar:?]
	at org.testng.TestRunner.init(TestRunner.java:271) [testng-6.14.3.jar:?]
	at org.testng.TestRunner.init(TestRunner.java:241) [testng-6.14.3.jar:?]
	at org.testng.TestRunner.<init>(TestRunner.java:167) [testng-6.14.3.jar:?]
	at org.testng.SuiteRunner$DefaultTestRunnerFactory.newTestRunner(SuiteRunner.java:663) [testng-6.14.3.jar:?]
	at org.testng.SuiteRunner.init(SuiteRunner.java:260) [testng-6.14.3.jar:?]
	at org.testng.SuiteRunner.<init>(SuiteRunner.java:198) [testng-6.14.3.jar:?]
	at org.testng.TestNG.createSuiteRunner(TestNG.java:1295) [testng-6.14.3.jar:?]
	at org.testng.TestNG.createSuiteRunners(TestNG.java:1273) [testng-6.14.3.jar:?]
	at org.testng.TestNG.runSuitesLocally(TestNG.java:1128) [testng-6.14.3.jar:?]
	at org.testng.TestNG.runSuites(TestNG.java:1049) [testng-6.14.3.jar:?]
	at org.testng.TestNG.run(TestNG.java:1017) [testng-6.14.3.jar:?]
	at org.testng.IDEARemoteTestNG.run(IDEARemoteTestNG.java:73) [testng-plugin.jar:?]
	at org.testng.RemoteTestNGStarter.main(RemoteTestNGStarter.java:123) [testng-plugin.jar:?]
Caused by: java.lang.ClassNotFoundException: com.mysql.jdbc.Driver
	at jdk.internal.loader.BuiltinClassLoader.loadClass(BuiltinClassLoader.java:583) ~[?:?]
	at jdk.internal.loader.ClassLoaders$AppClassLoader.loadClass(ClassLoaders.java:178) ~[?:?]
	at java.lang.ClassLoader.loadClass(ClassLoader.java:521) ~[?:?]
	at java.lang.Class.forName0(Native Method) ~[?:?]
	at java.lang.Class.forName(Class.java:332) ~[?:?]
	at com.epam.couriers.dao.connectionpool.ConnectionPool.initConnectionPool(ConnectionPool.java:67) ~[classes/:?]
	... 31 more
[INFO ] 2019-04-20 14:18:08.063 [main] ConnectionPool - Connection pool created successfully
[INFO ] 2019-04-20 14:18:10.225 [main] ConnectionPool - Connection taken successfully
[INFO ] 2019-04-20 14:18:10.229 [main] ConnectionPool - Connection pool successfully released
